0 info it worked if it ends with ok
1 verbose cli [ 'D:\\Program Files\\NODE_JS\\\\node.exe',
1 verbose cli   'D:\\Program Files\\NODE_JS\\node_modules\\npm\\bin\\npm-cli.js',
1 verbose cli   'install' ]
2 info using npm@1.3.8
3 info using node@v0.10.18
4 verbose node symlink D:\Program Files\NODE_JS\\node.exe
5 error install Couldn't read dependencies
6 error Error: ENOENT, open 'F:\微云网盘\105454416\vote\ws\package.json'
7 error If you need help, you may report this log at:
7 error     <http://github.com/isaacs/npm/issues>
7 error or email it to:
7 error     <npm-@googlegroups.com>
8 error System Windows_NT 6.1.7601
9 error command "D:\\Program Files\\NODE_JS\\\\node.exe" "D:\\Program Files\\NODE_JS\\node_modules\\npm\\bin\\npm-cli.js" "install"
10 error cwd F:\微云网盘\105454416\vote\ws
11 error node -v v0.10.18
12 error npm -v 1.3.8
13 error path F:\微云网盘\105454416\vote\ws\package.json
14 error code ENOENT
15 error errno 34
16 verbose exit [ 34, true ]
